<?xml version="1.0" encoding="UTF-8" ?>
<testsuite failures="0" time="0.014" errors="0" skipped="0" tests="1" name="knowledge.survey.service.QuestionsTest">
  <properties>
    <property name="java.runtime.name" value="Java(TM) SE Runtime Environment"/>
    <property name="sun.boot.library.path" value="/usr/java/jdk1.6.0_25/jre/lib/i386"/>
    <property name="java.vm.version" value="20.0-b11"/>
    <property name="java.vm.vendor" value="Sun Microsystems Inc."/>
    <property name="java.vendor.url" value="http://java.sun.com/"/>
    <property name="path.separator" value=":"/>
    <property name="java.vm.name" value="Java HotSpot(TM) Server VM"/>
    <property name="file.encoding.pkg" value="sun.io"/>
    <property name="user.country" value="US"/>
    <property name="sun.java.launcher" value="SUN_STANDARD"/>
    <property name="sun.os.patch.level" value="unknown"/>
    <property name="java.vm.specification.name" value="Java Virtual Machine Specification"/>
    <property name="user.dir" value="/home/hongtao/mcma-v2-space/survey/web"/>
    <property name="java.runtime.version" value="1.6.0_25-b06"/>
    <property name="java.awt.graphicsenv" value="sun.awt.X11GraphicsEnvironment"/>
    <property name="basedir" value="/home/hongtao/mcma-v2-space/survey/web"/>
    <property name="java.endorsed.dirs" value="/usr/java/jdk1.6.0_25/jre/lib/endorsed"/>
    <property name="os.arch" value="i386"/>
    <property name="surefire.real.class.path" value="/home/hongtao/mcma-v2-space/survey/web/target/surefire/surefirebooter9160248552901298931.jar"/>
    <property name="java.io.tmpdir" value="/tmp"/>
    <property name="line.separator" value="
"/>
    <property name="java.vm.specification.vendor" value="Sun Microsystems Inc."/>
    <property name="os.name" value="Linux"/>
    <property name="sun.jnu.encoding" value="UTF-8"/>
    <property name="java.library.path" value="/usr/java/jdk1.6.0_25/jre/lib/i386/server:/usr/java/jdk1.6.0_25/jre/lib/i386:/usr/java/jdk1.6.0_25/jre/../lib/i386:/usr/java/packages/lib/i386:/lib:/usr/lib"/>
    <property name="surefire.test.class.path" value="/home/hongtao/mcma-v2-space/survey/web/target/test-classes:/home/hongtao/mcma-v2-space/survey/web/target/classes:/home/hongtao/.m2/repository/knowledge/survey/oxm/1.0/oxm-1.0.jar:/home/hongtao/.m2/repository/org/apache/ws/xmlschema/xmlschema-core/2.0.2/xmlschema-core-2.0.2.jar:/home/hongtao/.m2/repository/jaxen/jaxen/1.1.1/jaxen-1.1.1.jar:/home/hongtao/.m2/repository/xml-apis/xml-apis/1.3.02/xml-apis-1.3.02.jar:/home/hongtao/.m2/repository/org/springframework/ws/spring-ws-core/2.1.0.RC1/spring-ws-core-2.1.0.RC1.jar:/home/hongtao/.m2/repository/org/springframework/spring-context/3.1.1.RELEASE/spring-context-3.1.1.RELEASE.jar:/home/hongtao/.m2/repository/org/springframework/spring-aop/3.1.1.RELEASE/spring-aop-3.1.1.RELEASE.jar:/home/hongtao/.m2/repository/org/springframework/spring-oxm/3.1.1.RELEASE/spring-oxm-3.1.1.RELEASE.jar:/home/hongtao/.m2/repository/commons-lang/commons-lang/2.5/commons-lang-2.5.jar:/home/hongtao/.m2/repository/wsdl4j/wsdl4j/1.6.1/wsdl4j-1.6.1.jar:/home/hongtao/.m2/repository/commons-logging/commons-logging/1.1.1/commons-logging-1.1.1.jar:/home/hongtao/.m2/repository/org/springframework/spring-core/3.1.1.RELEASE/spring-core-3.1.1.RELEASE.jar:/home/hongtao/.m2/repository/org/springframework/spring-beans/3.1.1.RELEASE/spring-beans-3.1.1.RELEASE.jar:/home/hongtao/.m2/repository/org/springframework/ws/spring-xml/2.1.0.RC1/spring-xml-2.1.0.RC1.jar:/home/hongtao/.m2/repository/org/slf4j/slf4j-log4j12/1.6.1/slf4j-log4j12-1.6.1.jar:/home/hongtao/.m2/repository/org/slf4j/slf4j-api/1.6.1/slf4j-api-1.6.1.jar:/home/hongtao/.m2/repository/log4j/log4j/1.2.16/log4j-1.2.16.jar:/home/hongtao/.m2/repository/org/bouncycastle/bcprov-jdk16/1.45/bcprov-jdk16-1.45.jar:/home/hongtao/.m2/repository/com/sun/xml/stream/sjsxp/1.0.1/sjsxp-1.0.1.jar:/home/hongtao/.m2/repository/javax/xml/stream/stax-api/1.0/stax-api-1.0.jar:/home/hongtao/.m2/repository/org/springframework/spring-web/3.1.1.RELEASE/spring-web-3.1.1.RELEASE.jar:/home/hongtao/.m2/repository/aopalliance/aopalliance/1.0/aopalliance-1.0.jar:/home/hongtao/.m2/repository/org/springframework/spring-webmvc/3.1.1.RELEASE/spring-webmvc-3.1.1.RELEASE.jar:/home/hongtao/.m2/repository/org/springframework/spring-asm/3.1.1.RELEASE/spring-asm-3.1.1.RELEASE.jar:/home/hongtao/.m2/repository/org/springframework/spring-context-support/3.1.1.RELEASE/spring-context-support-3.1.1.RELEASE.jar:/home/hongtao/.m2/repository/org/springframework/spring-expression/3.1.1.RELEASE/spring-expression-3.1.1.RELEASE.jar:/home/hongtao/.m2/repository/org/codehaus/jackson/jackson-core-asl/1.7.2/jackson-core-asl-1.7.2.jar:/home/hongtao/.m2/repository/org/codehaus/jackson/jackson-mapper-asl/1.7.2/jackson-mapper-asl-1.7.2.jar:/home/hongtao/.m2/repository/javax/servlet/servlet-api/2.5/servlet-api-2.5.jar:/home/hongtao/.m2/repository/javax/servlet/jsp/jsp-api/2.1/jsp-api-2.1.jar:/home/hongtao/.m2/repository/javax/servlet/jstl/1.2/jstl-1.2.jar:/home/hongtao/.m2/repository/junit/junit/4.7/junit-4.7.jar:/home/hongtao/.m2/repository/xmlunit/xmlunit/1.1/xmlunit-1.1.jar:/home/hongtao/.m2/repository/org/springframework/spring-test/3.1.1.RELEASE/spring-test-3.1.1.RELEASE.jar:"/>
    <property name="java.specification.name" value="Java Platform API Specification"/>
    <property name="java.class.version" value="50.0"/>
    <property name="sun.management.compiler" value="HotSpot Tiered Compilers"/>
    <property name="os.version" value="2.6.34-12-pae"/>
    <property name="user.home" value="/home/hongtao"/>
    <property name="user.timezone" value="Europe/Vienna"/>
    <property name="java.awt.printerjob" value="sun.print.PSPrinterJob"/>
    <property name="file.encoding" value="UTF-8"/>
    <property name="java.specification.version" value="1.6"/>
    <property name="user.name" value="hongtao"/>
    <property name="java.class.path" value="/home/hongtao/mcma-v2-space/survey/web/target/test-classes:/home/hongtao/mcma-v2-space/survey/web/target/classes:/home/hongtao/.m2/repository/knowledge/survey/oxm/1.0/oxm-1.0.jar:/home/hongtao/.m2/repository/org/apache/ws/xmlschema/xmlschema-core/2.0.2/xmlschema-core-2.0.2.jar:/home/hongtao/.m2/repository/jaxen/jaxen/1.1.1/jaxen-1.1.1.jar:/home/hongtao/.m2/repository/xml-apis/xml-apis/1.3.02/xml-apis-1.3.02.jar:/home/hongtao/.m2/repository/org/springframework/ws/spring-ws-core/2.1.0.RC1/spring-ws-core-2.1.0.RC1.jar:/home/hongtao/.m2/repository/org/springframework/spring-context/3.1.1.RELEASE/spring-context-3.1.1.RELEASE.jar:/home/hongtao/.m2/repository/org/springframework/spring-aop/3.1.1.RELEASE/spring-aop-3.1.1.RELEASE.jar:/home/hongtao/.m2/repository/org/springframework/spring-oxm/3.1.1.RELEASE/spring-oxm-3.1.1.RELEASE.jar:/home/hongtao/.m2/repository/commons-lang/commons-lang/2.5/commons-lang-2.5.jar:/home/hongtao/.m2/repository/wsdl4j/wsdl4j/1.6.1/wsdl4j-1.6.1.jar:/home/hongtao/.m2/repository/commons-logging/commons-logging/1.1.1/commons-logging-1.1.1.jar:/home/hongtao/.m2/repository/org/springframework/spring-core/3.1.1.RELEASE/spring-core-3.1.1.RELEASE.jar:/home/hongtao/.m2/repository/org/springframework/spring-beans/3.1.1.RELEASE/spring-beans-3.1.1.RELEASE.jar:/home/hongtao/.m2/repository/org/springframework/ws/spring-xml/2.1.0.RC1/spring-xml-2.1.0.RC1.jar:/home/hongtao/.m2/repository/org/slf4j/slf4j-log4j12/1.6.1/slf4j-log4j12-1.6.1.jar:/home/hongtao/.m2/repository/org/slf4j/slf4j-api/1.6.1/slf4j-api-1.6.1.jar:/home/hongtao/.m2/repository/log4j/log4j/1.2.16/log4j-1.2.16.jar:/home/hongtao/.m2/repository/org/bouncycastle/bcprov-jdk16/1.45/bcprov-jdk16-1.45.jar:/home/hongtao/.m2/repository/com/sun/xml/stream/sjsxp/1.0.1/sjsxp-1.0.1.jar:/home/hongtao/.m2/repository/javax/xml/stream/stax-api/1.0/stax-api-1.0.jar:/home/hongtao/.m2/repository/org/springframework/spring-web/3.1.1.RELEASE/spring-web-3.1.1.RELEASE.jar:/home/hongtao/.m2/repository/aopalliance/aopalliance/1.0/aopalliance-1.0.jar:/home/hongtao/.m2/repository/org/springframework/spring-webmvc/3.1.1.RELEASE/spring-webmvc-3.1.1.RELEASE.jar:/home/hongtao/.m2/repository/org/springframework/spring-asm/3.1.1.RELEASE/spring-asm-3.1.1.RELEASE.jar:/home/hongtao/.m2/repository/org/springframework/spring-context-support/3.1.1.RELEASE/spring-context-support-3.1.1.RELEASE.jar:/home/hongtao/.m2/repository/org/springframework/spring-expression/3.1.1.RELEASE/spring-expression-3.1.1.RELEASE.jar:/home/hongtao/.m2/repository/org/codehaus/jackson/jackson-core-asl/1.7.2/jackson-core-asl-1.7.2.jar:/home/hongtao/.m2/repository/org/codehaus/jackson/jackson-mapper-asl/1.7.2/jackson-mapper-asl-1.7.2.jar:/home/hongtao/.m2/repository/javax/servlet/servlet-api/2.5/servlet-api-2.5.jar:/home/hongtao/.m2/repository/javax/servlet/jsp/jsp-api/2.1/jsp-api-2.1.jar:/home/hongtao/.m2/repository/javax/servlet/jstl/1.2/jstl-1.2.jar:/home/hongtao/.m2/repository/junit/junit/4.7/junit-4.7.jar:/home/hongtao/.m2/repository/xmlunit/xmlunit/1.1/xmlunit-1.1.jar:/home/hongtao/.m2/repository/org/springframework/spring-test/3.1.1.RELEASE/spring-test-3.1.1.RELEASE.jar:"/>
    <property name="java.vm.specification.version" value="1.0"/>
    <property name="sun.arch.data.model" value="32"/>
    <property name="java.home" value="/usr/java/jdk1.6.0_25/jre"/>
    <property name="sun.java.command" value="/home/hongtao/mcma-v2-space/survey/web/target/surefire/surefirebooter9160248552901298931.jar /home/hongtao/mcma-v2-space/survey/web/target/surefire/surefire2193995772444986665tmp /home/hongtao/mcma-v2-space/survey/web/target/surefire/surefire8717454143786632589tmp"/>
    <property name="java.specification.vendor" value="Sun Microsystems Inc."/>
    <property name="user.language" value="en"/>
    <property name="java.vm.info" value="mixed mode"/>
    <property name="java.version" value="1.6.0_25"/>
    <property name="java.ext.dirs" value="/usr/java/jdk1.6.0_25/jre/lib/ext:/usr/java/packages/lib/ext"/>
    <property name="sun.boot.class.path" value="/usr/java/jdk1.6.0_25/jre/lib/resources.jar:/usr/java/jdk1.6.0_25/jre/lib/rt.jar:/usr/java/jdk1.6.0_25/jre/lib/sunrsasign.jar:/usr/java/jdk1.6.0_25/jre/lib/jsse.jar:/usr/java/jdk1.6.0_25/jre/lib/jce.jar:/usr/java/jdk1.6.0_25/jre/lib/charsets.jar:/usr/java/jdk1.6.0_25/jre/lib/modules/jdk.boot.jar:/usr/java/jdk1.6.0_25/jre/classes"/>
    <property name="java.vendor" value="Sun Microsystems Inc."/>
    <property name="localRepository" value="/home/hongtao/.m2/repository"/>
    <property name="file.separator" value="/"/>
    <property name="java.vendor.url.bug" value="http://java.sun.com/cgi-bin/bugreport.cgi"/>
    <property name="sun.cpu.endian" value="little"/>
    <property name="sun.io.unicode.encoding" value="UnicodeLittle"/>
    <property name="sun.cpu.isalist" value=""/>
  </properties>
  <testcase time="0.012" classname="knowledge.survey.service.QuestionsTest" name="QuestionServTest"/>
</testsuite>